<?xml version="1.0" encoding="UTF-8"?>
<testng-results ignored="0" total="6" passed="4" failed="2" skipped="0">
  <reporter-output>
  </reporter-output>
  <suite started-at="2023-11-11T08:55:34 IST" name="Default suite" finished-at="2023-11-11T08:56:51 IST" duration-ms="76931">
    <groups>
      <group name="cucumber">
        <method signature="AbstractTestNGCucumberTests.runScenario(io.cucumber.testng.PickleWrapper,io.cucumber.testng.FeatureWrapper)[pri:0, instance:com.BellatrixFinalProject.Utilities.FeatureRunner@1608bcbd]" name="runScenario" class="io.cucumber.testng.AbstractTestNGCucumberTests"/>
      </group> <!-- cucumber -->
    </groups>
    <test started-at="2023-11-11T08:55:34 IST" name="Default test" finished-at="2023-11-11T08:56:51 IST" duration-ms="76931">
      <class name="com.BellatrixFinalProject.Utilities.FeatureRunner">
        <test-method is-config="true" signature="setUpClass(org.testng.ITestContext)[pri:0, instance:com.BellatrixFinalProject.Utilities.FeatureRunner@1608bcbd]" started-at="2023-11-11T08:55:34 IST" name="setUpClass" finished-at="2023-11-11T08:55:35 IST" duration-ms="335" status="PASS">
          <params>
            <param index="0">
              <value>
                <![CDATA[org.testng.TestRunner@de77146]]>
              </value>
            </param>
          </params>
          <reporter-output>
          </reporter-output>
        </test-method> <!-- setUpClass -->
        <test-method signature="runScenario(io.cucumber.testng.PickleWrapper,io.cucumber.testng.FeatureWrapper)[pri:0, instance:com.BellatrixFinalProject.Utilities.FeatureRunner@1608bcbd]" started-at="2023-11-11T08:55:35 IST" name="runScenario" description="Runs Cucumber Scenarios" data-provider="scenarios" finished-at="2023-11-11T08:55:49 IST" duration-ms="13969" status="PASS">
          <params>
            <param index="0">
              <value>
                <![CDATA["Bellatrix Test"]]>
              </value>
            </param>
            <param index="1">
              <value>
                <![CDATA["Bellatrix"]]>
              </value>
            </param>
          </params>
          <reporter-output>
          </reporter-output>
        </test-method> <!-- runScenario -->
        <test-method signature="runScenario(io.cucumber.testng.PickleWrapper,io.cucumber.testng.FeatureWrapper)[pri:0, instance:com.BellatrixFinalProject.Utilities.FeatureRunner@1608bcbd]" started-at="2023-11-11T08:55:49 IST" name="runScenario" description="Runs Cucumber Scenarios" data-provider="scenarios" finished-at="2023-11-11T08:55:57 IST" duration-ms="8154" status="PASS">
          <params>
            <param index="0">
              <value>
                <![CDATA["Proton Product display"]]>
              </value>
            </param>
            <param index="1">
              <value>
                <![CDATA["Bellatrix"]]>
              </value>
            </param>
          </params>
          <reporter-output>
          </reporter-output>
        </test-method> <!-- runScenario -->
        <test-method signature="runScenario(io.cucumber.testng.PickleWrapper,io.cucumber.testng.FeatureWrapper)[pri:0, instance:com.BellatrixFinalProject.Utilities.FeatureRunner@1608bcbd]" started-at="2023-11-11T08:55:57 IST" name="runScenario" description="Runs Cucumber Scenarios" data-provider="scenarios" finished-at="2023-11-11T08:56:08 IST" duration-ms="11585" status="PASS">
          <params>
            <param index="0">
              <value>
                <![CDATA["Display by sort by popularity"]]>
              </value>
            </param>
            <param index="1">
              <value>
                <![CDATA["Bellatrix"]]>
              </value>
            </param>
          </params>
          <reporter-output>
          </reporter-output>
        </test-method> <!-- runScenario -->
        <test-method signature="runScenario(io.cucumber.testng.PickleWrapper,io.cucumber.testng.FeatureWrapper)[pri:0, instance:com.BellatrixFinalProject.Utilities.FeatureRunner@1608bcbd]" started-at="2023-11-11T08:56:08 IST" name="runScenario" description="Runs Cucumber Scenarios" data-provider="scenarios" finished-at="2023-11-11T08:56:21 IST" duration-ms="12635" status="PASS">
          <params>
            <param index="0">
              <value>
                <![CDATA["Display by Low to High Price"]]>
              </value>
            </param>
            <param index="1">
              <value>
                <![CDATA["Bellatrix"]]>
              </value>
            </param>
          </params>
          <reporter-output>
          </reporter-output>
        </test-method> <!-- runScenario -->
        <test-method signature="runScenario(io.cucumber.testng.PickleWrapper,io.cucumber.testng.FeatureWrapper)[pri:0, instance:com.BellatrixFinalProject.Utilities.FeatureRunner@1608bcbd]" started-at="2023-11-11T08:56:21 IST" name="runScenario" description="Runs Cucumber Scenarios" data-provider="scenarios" finished-at="2023-11-11T08:56:36 IST" duration-ms="14908" status="FAIL">
          <params>
            <param index="0">
              <value>
                <![CDATA["Adding two product in cart and check its values"]]>
              </value>
            </param>
            <param index="1">
              <value>
                <![CDATA["Cart Page Step Defination"]]>
              </value>
            </param>
          </params>
          <exception class="org.openqa.selenium.NoSuchElementException">
            <message>
              <![CDATA[Unable to locate element: #main > ul > li.product.type-product.post-28.status-publish.first.onbackorder.product_cat-big-rockets.has-post-thumbnail.sale.downloadable.taxable.shipping-taxable.purchasable.product-type-simple > a.added_to_cart.wc-forward
For documentation on this error, please visit: https://www.selenium.dev/documentation/webdriver/troubleshooting/errors#no-such-element-exception
Build info: version: '4.10.0', revision: 'c14d967899'
System info: os.name: 'Windows 11', os.arch: 'amd64', os.version: '10.0', java.version: '17.0.7'
Driver info: org.openqa.selenium.firefox.FirefoxDriver
Command: [40242065-9c09-44b0-b02c-437663c2b7fe, findElement {using=css selector, value=#main > ul > li.product.type-product.post-28.status-publish.first.onbackorder.product_cat-big-rockets.has-post-thumbnail.sale.downloadable.taxable.shipping-taxable.purchasable.product-type-simple > a.added_to_cart.wc-forward}]
Capabilities {acceptInsecureCerts: true, browserName: firefox, browserVersion: 119.0.1, moz:accessibilityChecks: false, moz:buildID: 20231106151204, moz:debuggerAddress: 127.0.0.1:43896, moz:geckodriverVersion: 0.33.0, moz:headless: false, moz:platformVersion: 10.0, moz:processID: 13356, moz:profile: C:\Users\ATISHZ~1\AppData\L..., moz:shutdownTimeout: 60000, moz:webdriverClick: true, moz:windowless: false, pageLoadStrategy: normal, platformName: windows, proxy: Proxy(), se:cdp: ws://127.0.0.1:43896/devtoo..., se:cdpVersion: 85.0, setWindowRect: true, strictFileInteractability: false, timeouts: {implicit: 0, pageLoad: 300000, script: 30000}, unhandledPromptBehavior: dismiss and notify}
Session ID: 40242065-9c09-44b0-b02c-437663c2b7fe]]>
            </message>
            <full-stacktrace>
              <![CDATA[org.openqa.selenium.NoSuchElementException: Unable to locate element: #main > ul > li.product.type-product.post-28.status-publish.first.onbackorder.product_cat-big-rockets.has-post-thumbnail.sale.downloadable.taxable.shipping-taxable.purchasable.product-type-simple > a.added_to_cart.wc-forward
For documentation on this error, please visit: https://www.selenium.dev/documentation/webdriver/troubleshooting/errors#no-such-element-exception
Build info: version: '4.10.0', revision: 'c14d967899'
System info: os.name: 'Windows 11', os.arch: 'amd64', os.version: '10.0', java.version: '17.0.7'
Driver info: org.openqa.selenium.firefox.FirefoxDriver
Command: [40242065-9c09-44b0-b02c-437663c2b7fe, findElement {using=css selector, value=#main > ul > li.product.type-product.post-28.status-publish.first.onbackorder.product_cat-big-rockets.has-post-thumbnail.sale.downloadable.taxable.shipping-taxable.purchasable.product-type-simple > a.added_to_cart.wc-forward}]
Capabilities {acceptInsecureCerts: true, browserName: firefox, browserVersion: 119.0.1, moz:accessibilityChecks: false, moz:buildID: 20231106151204, moz:debuggerAddress: 127.0.0.1:43896, moz:geckodriverVersion: 0.33.0, moz:headless: false, moz:platformVersion: 10.0, moz:processID: 13356, moz:profile: C:\Users\ATISHZ~1\AppData\L..., moz:shutdownTimeout: 60000, moz:webdriverClick: true, moz:windowless: false, pageLoadStrategy: normal, platformName: windows, proxy: Proxy(), se:cdp: ws://127.0.0.1:43896/devtoo..., se:cdpVersion: 85.0, setWindowRect: true, strictFileInteractability: false, timeouts: {implicit: 0, pageLoad: 300000, script: 30000}, unhandledPromptBehavior: dismiss and notify}
Session ID: 40242065-9c09-44b0-b02c-437663c2b7fe
at java.base/jdk.internal.reflect.NativeConstructorAccessorImpl.newInstance0(Native Method)
at java.base/jdk.internal.reflect.NativeConstructorAccessorImpl.newInstance(NativeConstructorAccessorImpl.java:77)
at java.base/jdk.internal.reflect.DelegatingConstructorAccessorImpl.newInstance(DelegatingConstructorAccessorImpl.java:45)
at java.base/java.lang.reflect.Constructor.newInstanceWithCaller(Constructor.java:499)
at java.base/java.lang.reflect.Constructor.newInstance(Constructor.java:480)
at org.openqa.selenium.remote.codec.w3c.W3CHttpResponseCodec.createException(W3CHttpResponseCodec.java:199)
at org.openqa.selenium.remote.codec.w3c.W3CHttpResponseCodec.decode(W3CHttpResponseCodec.java:132)
at org.openqa.selenium.remote.codec.w3c.W3CHttpResponseCodec.decode(W3CHttpResponseCodec.java:51)
at org.openqa.selenium.remote.HttpCommandExecutor.execute(HttpCommandExecutor.java:191)
at org.openqa.selenium.remote.service.DriverCommandExecutor.invokeExecute(DriverCommandExecutor.java:196)
at org.openqa.selenium.remote.service.DriverCommandExecutor.execute(DriverCommandExecutor.java:171)
at org.openqa.selenium.remote.RemoteWebDriver.execute(RemoteWebDriver.java:531)
at org.openqa.selenium.remote.ElementLocation$ElementFinder$2.findElement(ElementLocation.java:165)
at org.openqa.selenium.remote.ElementLocation.findElement(ElementLocation.java:59)
at org.openqa.selenium.remote.RemoteWebDriver.findElement(RemoteWebDriver.java:350)
at org.openqa.selenium.remote.RemoteWebDriver.findElement(RemoteWebDriver.java:344)
at org.openqa.selenium.support.pagefactory.DefaultElementLocator.findElement(DefaultElementLocator.java:68)
at org.openqa.selenium.support.pagefactory.internal.LocatingElementHandler.invoke(LocatingElementHandler.java:38)
at jdk.proxy2/jdk.proxy2.$Proxy28.click(Unknown Source)
at com.BellatrixFinalProject.Pages.HomePage.clickOnViewCartButton(HomePage.java:75)
at com.BellatrixFinalProject.stepDefinations.TestCasesStepDef.click_on_view_cart(TestCasesStepDef.java:26)
at ✽.click on falcon view cart(file:///E:/Testing_Shastra/Workspace/BellatrixFinalProject/src/test/resources/Features/TestCases.feature:5)
]]>
            </full-stacktrace>
          </exception> <!-- org.openqa.selenium.NoSuchElementException -->
          <reporter-output>
          </reporter-output>
        </test-method> <!-- runScenario -->
        <test-method signature="runScenario(io.cucumber.testng.PickleWrapper,io.cucumber.testng.FeatureWrapper)[pri:0, instance:com.BellatrixFinalProject.Utilities.FeatureRunner@1608bcbd]" started-at="2023-11-11T08:56:36 IST" name="runScenario" description="Runs Cucumber Scenarios" data-provider="scenarios" finished-at="2023-11-11T08:56:51 IST" duration-ms="15180" status="FAIL">
          <params>
            <param index="0">
              <value>
                <![CDATA["Adding Product in cart then proceed all Formalities then get order number"]]>
              </value>
            </param>
            <param index="1">
              <value>
                <![CDATA["Cart Page Step Defination"]]>
              </value>
            </param>
          </params>
          <exception class="org.openqa.selenium.NoSuchElementException">
            <message>
              <![CDATA[Unable to locate element: #main > ul > li.product.type-product.post-28.status-publish.first.onbackorder.product_cat-big-rockets.has-post-thumbnail.sale.downloadable.taxable.shipping-taxable.purchasable.product-type-simple > a.added_to_cart.wc-forward
For documentation on this error, please visit: https://www.selenium.dev/documentation/webdriver/troubleshooting/errors#no-such-element-exception
Build info: version: '4.10.0', revision: 'c14d967899'
System info: os.name: 'Windows 11', os.arch: 'amd64', os.version: '10.0', java.version: '17.0.7'
Driver info: org.openqa.selenium.firefox.FirefoxDriver
Command: [51ea5f7d-2bbe-49ef-bbf1-160e540bec90, findElement {using=css selector, value=#main > ul > li.product.type-product.post-28.status-publish.first.onbackorder.product_cat-big-rockets.has-post-thumbnail.sale.downloadable.taxable.shipping-taxable.purchasable.product-type-simple > a.added_to_cart.wc-forward}]
Capabilities {acceptInsecureCerts: true, browserName: firefox, browserVersion: 119.0.1, moz:accessibilityChecks: false, moz:buildID: 20231106151204, moz:debuggerAddress: 127.0.0.1:30447, moz:geckodriverVersion: 0.33.0, moz:headless: false, moz:platformVersion: 10.0, moz:processID: 18708, moz:profile: C:\Users\ATISHZ~1\AppData\L..., moz:shutdownTimeout: 60000, moz:webdriverClick: true, moz:windowless: false, pageLoadStrategy: normal, platformName: windows, proxy: Proxy(), se:cdp: ws://127.0.0.1:30447/devtoo..., se:cdpVersion: 85.0, setWindowRect: true, strictFileInteractability: false, timeouts: {implicit: 0, pageLoad: 300000, script: 30000}, unhandledPromptBehavior: dismiss and notify}
Session ID: 51ea5f7d-2bbe-49ef-bbf1-160e540bec90]]>
            </message>
            <full-stacktrace>
              <![CDATA[org.openqa.selenium.NoSuchElementException: Unable to locate element: #main > ul > li.product.type-product.post-28.status-publish.first.onbackorder.product_cat-big-rockets.has-post-thumbnail.sale.downloadable.taxable.shipping-taxable.purchasable.product-type-simple > a.added_to_cart.wc-forward
For documentation on this error, please visit: https://www.selenium.dev/documentation/webdriver/troubleshooting/errors#no-such-element-exception
Build info: version: '4.10.0', revision: 'c14d967899'
System info: os.name: 'Windows 11', os.arch: 'amd64', os.version: '10.0', java.version: '17.0.7'
Driver info: org.openqa.selenium.firefox.FirefoxDriver
Command: [51ea5f7d-2bbe-49ef-bbf1-160e540bec90, findElement {using=css selector, value=#main > ul > li.product.type-product.post-28.status-publish.first.onbackorder.product_cat-big-rockets.has-post-thumbnail.sale.downloadable.taxable.shipping-taxable.purchasable.product-type-simple > a.added_to_cart.wc-forward}]
Capabilities {acceptInsecureCerts: true, browserName: firefox, browserVersion: 119.0.1, moz:accessibilityChecks: false, moz:buildID: 20231106151204, moz:debuggerAddress: 127.0.0.1:30447, moz:geckodriverVersion: 0.33.0, moz:headless: false, moz:platformVersion: 10.0, moz:processID: 18708, moz:profile: C:\Users\ATISHZ~1\AppData\L..., moz:shutdownTimeout: 60000, moz:webdriverClick: true, moz:windowless: false, pageLoadStrategy: normal, platformName: windows, proxy: Proxy(), se:cdp: ws://127.0.0.1:30447/devtoo..., se:cdpVersion: 85.0, setWindowRect: true, strictFileInteractability: false, timeouts: {implicit: 0, pageLoad: 300000, script: 30000}, unhandledPromptBehavior: dismiss and notify}
Session ID: 51ea5f7d-2bbe-49ef-bbf1-160e540bec90
at java.base/jdk.internal.reflect.NativeConstructorAccessorImpl.newInstance0(Native Method)
at java.base/jdk.internal.reflect.NativeConstructorAccessorImpl.newInstance(NativeConstructorAccessorImpl.java:77)
at java.base/jdk.internal.reflect.DelegatingConstructorAccessorImpl.newInstance(DelegatingConstructorAccessorImpl.java:45)
at java.base/java.lang.reflect.Constructor.newInstanceWithCaller(Constructor.java:499)
at java.base/java.lang.reflect.Constructor.newInstance(Constructor.java:480)
at org.openqa.selenium.remote.codec.w3c.W3CHttpResponseCodec.createException(W3CHttpResponseCodec.java:199)
at org.openqa.selenium.remote.codec.w3c.W3CHttpResponseCodec.decode(W3CHttpResponseCodec.java:132)
at org.openqa.selenium.remote.codec.w3c.W3CHttpResponseCodec.decode(W3CHttpResponseCodec.java:51)
at org.openqa.selenium.remote.HttpCommandExecutor.execute(HttpCommandExecutor.java:191)
at org.openqa.selenium.remote.service.DriverCommandExecutor.invokeExecute(DriverCommandExecutor.java:196)
at org.openqa.selenium.remote.service.DriverCommandExecutor.execute(DriverCommandExecutor.java:171)
at org.openqa.selenium.remote.RemoteWebDriver.execute(RemoteWebDriver.java:531)
at org.openqa.selenium.remote.ElementLocation$ElementFinder$2.findElement(ElementLocation.java:165)
at org.openqa.selenium.remote.ElementLocation.findElement(ElementLocation.java:59)
at org.openqa.selenium.remote.RemoteWebDriver.findElement(RemoteWebDriver.java:350)
at org.openqa.selenium.remote.RemoteWebDriver.findElement(RemoteWebDriver.java:344)
at org.openqa.selenium.support.pagefactory.DefaultElementLocator.findElement(DefaultElementLocator.java:68)
at org.openqa.selenium.support.pagefactory.internal.LocatingElementHandler.invoke(LocatingElementHandler.java:38)
at jdk.proxy2/jdk.proxy2.$Proxy28.click(Unknown Source)
at com.BellatrixFinalProject.Pages.HomePage.clickOnViewCartButton(HomePage.java:75)
at com.BellatrixFinalProject.stepDefinations.TestCasesStepDef.click_on_view_cart_button(TestCasesStepDef.java:68)
at ✽.Click on view cart button(file:///E:/Testing_Shastra/Workspace/BellatrixFinalProject/src/test/resources/Features/TestCases.feature:18)
]]>
            </full-stacktrace>
          </exception> <!-- org.openqa.selenium.NoSuchElementException -->
          <reporter-output>
          </reporter-output>
        </test-method> <!-- runScenario -->
        <test-method is-config="true" signature="tearDownClass()[pri:0, instance:com.BellatrixFinalProject.Utilities.FeatureRunner@1608bcbd]" started-at="2023-11-11T08:56:51 IST" name="tearDownClass" finished-at="2023-11-11T08:56:51 IST" duration-ms="1" status="PASS">
          <reporter-output>
          </reporter-output>
        </test-method> <!-- tearDownClass -->
      </class> <!-- com.BellatrixFinalProject.Utilities.FeatureRunner -->
    </test> <!-- Default test -->
  </suite> <!-- Default suite -->
</testng-results>
